<?xml version="1.0" encoding="UTF-8"?>
<testng-results ignored="0" total="1" passed="1" failed="0" skipped="0">
  <reporter-output>
  </reporter-output>
  <suite started-at="2021-12-10T12:28:00 IST" name="Suite" finished-at="2021-12-10T12:28:08 IST" duration-ms="7419">
    <groups>
    </groups>
    <test started-at="2021-12-10T12:28:00 IST" name="DiscountTest" finished-at="2021-12-10T12:28:08 IST" duration-ms="7419">
      <class name="Test.SeleniumAutomation.DiscountTest">
        <test-method is-config="true" signature="beforeSuite()[pri:0, instance:Test.SeleniumAutomation.DiscountTest@47e2e487]" started-at="2021-12-10T12:27:56 IST" name="beforeSuite" finished-at="2021-12-10T12:28:00 IST" duration-ms="3762" status="PASS">
          <reporter-output>
          </reporter-output>
        </test-method> <!-- beforeSuite -->
        <test-method signature="f()[pri:0, instance:Test.SeleniumAutomation.DiscountTest@47e2e487]" started-at="2021-12-10T12:28:00 IST" name="f" finished-at="2021-12-10T12:28:08 IST" duration-ms="7387" status="PASS">
          <reporter-output>
          </reporter-output>
        </test-method> <!-- f -->
        <test-method is-config="true" signature="afterSuite()[pri:0, instance:Test.SeleniumAutomation.DiscountTest@47e2e487]" started-at="2021-12-10T12:28:08 IST" name="afterSuite" finished-at="2021-12-10T12:28:08 IST" duration-ms="139" status="PASS">
          <reporter-output>
          </reporter-output>
        </test-method> <!-- afterSuite -->
      </class> <!-- Test.SeleniumAutomation.DiscountTest -->
    </test> <!-- DiscountTest -->
  </suite> <!-- Suite -->
</testng-results>
